Processing contents in esquite...
Fixing mongodb-esquite.csv data...
File already fixed, skiping...

Fixing mongodb-trolelote.csv data...
File already fixed, skiping...

Fixing mongodb-chasca.csv data...
File already fixed, skiping...

Fixing mongodb-elote en vaso.csv data...
File already fixed, skiping...

Fixing mongodb-vasolote.csv data...
File already fixed, skiping...

Fixing mongodb-elote feliz.csv data...
File already fixed, skiping...

Fixing mongodb-coctel de elote.csv data...
File already fixed, skiping...

Fixing mongodb-elote desgranado.csv data...
File already fixed, skiping...

Processing contents in bolillo...
Fixing mongodb-bolillo.csv data...
File already fixed, skiping...

Fixing mongodb-birote.csv data...
File already fixed, skiping...

Processing contents in migaja...
Fixing mongodb-migaja.csv data...
File already fixed, skiping...

Fixing mongodb-borona.csv data...
File already fixed, skiping...

Fixing mongodb-morona.csv data...
File already fixed, skiping...

Fixing mongodb-morusa.csv data...
File already fixed, skiping...

Processing contents in queso Oaxaca...
Fixing mongodb-queso Oaxaca.csv data...
File already fixed, skiping...

Fixing mongodb-quesillo.csv data...
File already fixed, skiping...

Fixing mongodb-queso de hebra.csv data...
File already fixed, skiping...

Processing contents in hormiga...
Fixing mongodb-hormiga.csv data...
File already fixed, skiping...

Fixing mongodb-asquel.csv data...
File already fixed, skiping...

Fixing mongodb-asquiline.csv data...
File already fixed, skiping...

Fixing mongodb-esquiline.csv data...
File already fixed, skiping...

Processing contents in mosquito...
Fixing mongodb-mosquito.csv data...
File already fixed, skiping...

Fixing mongodb-zancudo.csv data...
File already fixed, skiping...

Fixing mongodb-chaquiste.csv data...
File already fixed, skiping...

Fixing mongodb-chanquiste.csv data...
File already fixed, skiping...

Fixing mongodb-moyote.csv data...
File already fixed, skiping...

Processing contents in pavo...
Fixing mongodb-pavo.csv data...
File already fixed, skiping...

Fixing mongodb-guajolote.csv data...
File already fixed, skiping...

Fixing mongodb-totole.csv data...
File already fixed, skiping...

Fixing mongodb-totol.csv data...
File already fixed, skiping...

Fixing mongodb-chompipe.csv data...
File already fixed, skiping...

Processing contents in colibrí...
Fixing mongodb-colibri.csv data...
File already fixed, skiping...

Fixing mongodb-chupamirto.csv data...
File already fixed, skiping...

Fixing mongodb-chuparrosa.csv data...
File already fixed, skiping...

Fixing mongodb-chupaflor.csv data...
File already fixed, skiping...

Processing contents in automóvil...
Fixing mongodb-coche.csv data...
File already fixed, skiping...

Fixing mongodb-automovil.csv data...
File already fixed, skiping...

Fixing mongodb-carro.csv data...
File already fixed, skiping...

Fixing mongodb-auto.csv data...
File already fixed, skiping...

Processing contents in aguacero...
Fixing mongodb-aguacero.csv data...
File already fixed, skiping...

Fixing mongodb-chubasco.csv data...
File already fixed, skiping...

Fixing mongodb-tormenta.csv data...
File already fixed, skiping...

Processing contents in habitación...
Fixing mongodb-habitacion.csv data...
File already fixed, skiping...

Fixing mongodb-alcoba.csv data...
File already fixed, skiping...

Fixing mongodb-dormitorio.csv data...
File already fixed, skiping...

Fixing mongodb-recamara.csv data...
File already fixed, skiping...

Processing contents in cobija...
Fixing mongodb-cobija.csv data...
File already fixed, skiping...

Fixing mongodb-frazada.csv data...
File already fixed, skiping...

Processing contents in lentes...
Fixing mongodb-lentes.csv data...
File already fixed, skiping...

Fixing mongodb-anteojo.csv data...
File already fixed, skiping...

Fixing mongodb-gafas.csv data...
File already fixed, skiping...

Fixing mongodb-espejuelos.csv data...
File already fixed, skiping...

Processing contents in itacate...
Fixing mongodb-itacate.csv data...
File already fixed, skiping...

Fixing mongodb-lunch.csv data...
File already fixed, skiping...

Fixing mongodb-lonche.csv data...
File already fixed, skiping...

Fixing mongodb-bastimento.csv data...
File already fixed, skiping...

Processing contents in rasguño...
Fixing mongodb-rasguño.csv data...
File already fixed, skiping...

Fixing mongodb-arañazo.csv data...
File already fixed, skiping...

Processing contents in lagaña...
Fixing mongodb-legaña.csv data...
File already fixed, skiping...

Fixing mongodb-lagaña.csv data...
File already fixed, skiping...

Fixing mongodb-chinguiña.csv data...
File already fixed, skiping...

Processing contents in comezón...
Fixing mongodb-comezon.csv data...
File already fixed, skiping...

Fixing mongodb-picazon.csv data...
File already fixed, skiping...

Fixing mongodb-rasquera.csv data...
File already fixed, skiping...

Fixing mongodb-rasquiña.csv data...
File already fixed, skiping...

Processing contents in cinturón...
Fixing mongodb-cinturon.csv data...
File already fixed, skiping...

Fixing mongodb-cinto.csv data...
File already fixed, skiping...

Fixing mongodb-fajo.csv data...
File already fixed, skiping...

Processing contents in escusado...
Fixing mongodb-retrete.csv data...
File already fixed, skiping...

Fixing mongodb-escusado.csv data...
File already fixed, skiping...

Fixing mongodb-inodoro.csv data...
File already fixed, skiping...

Fixing mongodb-WC.csv data...
File already fixed, skiping...

Processing contents in brasier...
Fixing mongodb-brasier.csv data...
File already fixed, skiping...

Fixing mongodb-chichero.csv data...
File already fixed, skiping...

