/home/buddha/repos/dialectic-twitter-maps-generator/outputs
Porcessing data..
Writing esquite-map.csv.csv file...
Writing trolelote-map.csv.csv file...
Writing chasca-map.csv.csv file...
Writing elote en vaso-map.csv.csv file...
Writing vasolote-map.csv.csv file...
Writing elote feliz-map.csv.csv file...
Writing coctel de elote-map.csv.csv file...
Writing elote desgranado-map.csv.csv file...
Processing /home/buddha/repos/dialectic-twitter-maps-generator/data/esquite/db-esquite-fixed.csv data...
Processing /home/buddha/repos/dialectic-twitter-maps-generator/data/esquite/db-trolelote-fixed.csv data...
Processing /home/buddha/repos/dialectic-twitter-maps-generator/data/esquite/db-chasca-fixed.csv data...
Processing /home/buddha/repos/dialectic-twitter-maps-generator/data/esquite/db-elote en vaso-fixed.csv data...
Processing /home/buddha/repos/dialectic-twitter-maps-generator/data/esquite/db-vasolote-fixed.csv data...
Processing /home/buddha/repos/dialectic-twitter-maps-generator/data/esquite/db-elote feliz-fixed.csv data...
Processing /home/buddha/repos/dialectic-twitter-maps-generator/data/esquite/db-coctel de elote-fixed.csv data...
Processing /home/buddha/repos/dialectic-twitter-maps-generator/data/esquite/db-elote desgranado-fixed.csv data...
Porcessing data..
Writing bolillo-map.csv.csv file...
Writing birote-map.csv.csv file...
Processing /home/buddha/repos/dialectic-twitter-maps-generator/data/bolillo/db-bolillo-fixed.csv data...
Processing /home/buddha/repos/dialectic-twitter-maps-generator/data/bolillo/db-birote-fixed.csv data...
Porcessing data..
Writing migaja-map.csv.csv file...
Writing borona-map.csv.csv file...
Writing morona-map.csv.csv file...
Writing morusa-map.csv.csv file...
Processing /home/buddha/repos/dialectic-twitter-maps-generator/data/migaja/db-migaja-fixed.csv data...
Processing /home/buddha/repos/dialectic-twitter-maps-generator/data/migaja/db-borona-fixed.csv data...
Processing /home/buddha/repos/dialectic-twitter-maps-generator/data/migaja/db-morona-fixed.csv data...
Processing /home/buddha/repos/dialectic-twitter-maps-generator/data/migaja/db-morusa-fixed.csv data...
Porcessing data..
Writing queso Oaxaca-map.csv.csv file...
Writing quesillo-map.csv.csv file...
Writing queso de hebra-map.csv.csv file...
Processing /home/buddha/repos/dialectic-twitter-maps-generator/data/queso Oaxaca/db-queso Oaxaca-fixed.csv data...
Processing /home/buddha/repos/dialectic-twitter-maps-generator/data/queso Oaxaca/db-quesillo-fixed.csv data...
Processing /home/buddha/repos/dialectic-twitter-maps-generator/data/queso Oaxaca/db-queso de hebra-fixed.csv data...
Porcessing data..
Writing hormiga-map.csv.csv file...
Writing asquel-map.csv.csv file...
Writing asquiline-map.csv.csv file...
Writing esquiline-map.csv.csv file...
Processing /home/buddha/repos/dialectic-twitter-maps-generator/data/hormiga/db-hormiga-fixed.csv data...
Processing /home/buddha/repos/dialectic-twitter-maps-generator/data/hormiga/db-asquel-fixed.csv data...
Processing /home/buddha/repos/dialectic-twitter-maps-generator/data/hormiga/db-asquiline-fixed.csv data...
Processing /home/buddha/repos/dialectic-twitter-maps-generator/data/hormiga/db-esquiline-fixed.csv data...
Porcessing data..
Writing mosquito-map.csv.csv file...
Writing zancudo-map.csv.csv file...
Writing chaquiste-map.csv.csv file...
Writing chanquiste-map.csv.csv file...
Writing moyote-map.csv.csv file...
Processing /home/buddha/repos/dialectic-twitter-maps-generator/data/mosquito/db-mosquito-fixed.csv data...
Processing /home/buddha/repos/dialectic-twitter-maps-generator/data/mosquito/db-zancudo-fixed.csv data...
Processing /home/buddha/repos/dialectic-twitter-maps-generator/data/mosquito/db-chaquiste-fixed.csv data...
Processing /home/buddha/repos/dialectic-twitter-maps-generator/data/mosquito/db-chanquiste-fixed.csv data...
Processing /home/buddha/repos/dialectic-twitter-maps-generator/data/mosquito/db-moyote-fixed.csv data...
Porcessing data..
Writing pavo-map.csv.csv file...
Writing guajolote-map.csv.csv file...
Writing totole-map.csv.csv file...
Writing totol-map.csv.csv file...
Writing chompipe-map.csv.csv file...
Processing /home/buddha/repos/dialectic-twitter-maps-generator/data/pavo/db-pavo-fixed.csv data...
Processing /home/buddha/repos/dialectic-twitter-maps-generator/data/pavo/db-guajolote-fixed.csv data...
Processing /home/buddha/repos/dialectic-twitter-maps-generator/data/pavo/db-totole-fixed.csv data...
Processing /home/buddha/repos/dialectic-twitter-maps-generator/data/pavo/db-totol-fixed.csv data...
Processing /home/buddha/repos/dialectic-twitter-maps-generator/data/pavo/db-chompipe-fixed.csv data...
Porcessing data..
Writing colibri-map.csv.csv file...
Writing chupamirto-map.csv.csv file...
Writing chuparrosa-map.csv.csv file...
Writing chupaflor-map.csv.csv file...
Processing /home/buddha/repos/dialectic-twitter-maps-generator/data/colibrí/db-colibri-fixed.csv data...
Processing /home/buddha/repos/dialectic-twitter-maps-generator/data/colibrí/db-chupamirto-fixed.csv data...
Processing /home/buddha/repos/dialectic-twitter-maps-generator/data/colibrí/db-chuparrosa-fixed.csv data...
Processing /home/buddha/repos/dialectic-twitter-maps-generator/data/colibrí/db-chupaflor-fixed.csv data...
Porcessing data..
Writing coche-map.csv.csv file...
Writing automovil-map.csv.csv file...
Writing carro-map.csv.csv file...
Writing auto-map.csv.csv file...
Processing /home/buddha/repos/dialectic-twitter-maps-generator/data/automóvil/db-coche-fixed.csv data...
Processing /home/buddha/repos/dialectic-twitter-maps-generator/data/automóvil/db-automovil-fixed.csv data...
Processing /home/buddha/repos/dialectic-twitter-maps-generator/data/automóvil/db-carro-fixed.csv data...
Processing /home/buddha/repos/dialectic-twitter-maps-generator/data/automóvil/db-auto-fixed.csv data...
Porcessing data..
Writing aguacero-map.csv.csv file...
Writing chubasco-map.csv.csv file...
Writing tormenta-map.csv.csv file...
Processing /home/buddha/repos/dialectic-twitter-maps-generator/data/aguacero/db-aguacero-fixed.csv data...
Processing /home/buddha/repos/dialectic-twitter-maps-generator/data/aguacero/db-chubasco-fixed.csv data...
Processing /home/buddha/repos/dialectic-twitter-maps-generator/data/aguacero/db-tormenta-fixed.csv data...
Porcessing data..
Writing habitacion-map.csv.csv file...
Writing alcoba-map.csv.csv file...
Writing dormitorio-map.csv.csv file...
Writing recamara-map.csv.csv file...
Processing /home/buddha/repos/dialectic-twitter-maps-generator/data/habitación/db-habitacion-fixed.csv data...
Processing /home/buddha/repos/dialectic-twitter-maps-generator/data/habitación/db-alcoba-fixed.csv data...
Processing /home/buddha/repos/dialectic-twitter-maps-generator/data/habitación/db-dormitorio-fixed.csv data...
Processing /home/buddha/repos/dialectic-twitter-maps-generator/data/habitación/db-recamara-fixed.csv data...
Porcessing data..
Writing cobija-map.csv.csv file...
Writing frazada-map.csv.csv file...
Processing /home/buddha/repos/dialectic-twitter-maps-generator/data/cobija/db-cobija-fixed.csv data...
Processing /home/buddha/repos/dialectic-twitter-maps-generator/data/cobija/db-frazada-fixed.csv data...
Porcessing data..
Writing lentes-map.csv.csv file...
Writing anteojo-map.csv.csv file...
Writing gafas-map.csv.csv file...
Writing espejuelos-map.csv.csv file...
Processing /home/buddha/repos/dialectic-twitter-maps-generator/data/lentes/db-lentes-fixed.csv data...
Processing /home/buddha/repos/dialectic-twitter-maps-generator/data/lentes/db-anteojo-fixed.csv data...
Processing /home/buddha/repos/dialectic-twitter-maps-generator/data/lentes/db-gafas-fixed.csv data...
Processing /home/buddha/repos/dialectic-twitter-maps-generator/data/lentes/db-espejuelos-fixed.csv data...
Porcessing data..
Writing itacate-map.csv.csv file...
Writing lunch-map.csv.csv file...
Writing lonche-map.csv.csv file...
Writing bastimento-map.csv.csv file...
Processing /home/buddha/repos/dialectic-twitter-maps-generator/data/itacate/db-itacate-fixed.csv data...
Processing /home/buddha/repos/dialectic-twitter-maps-generator/data/itacate/db-lunch-fixed.csv data...
Processing /home/buddha/repos/dialectic-twitter-maps-generator/data/itacate/db-lonche-fixed.csv data...
Processing /home/buddha/repos/dialectic-twitter-maps-generator/data/itacate/db-bastimento-fixed.csv data...
Porcessing data..
Writing rasguño-map.csv.csv file...
Writing arañazo-map.csv.csv file...
Processing /home/buddha/repos/dialectic-twitter-maps-generator/data/rasguño/db-rasguño-fixed.csv data...
Processing /home/buddha/repos/dialectic-twitter-maps-generator/data/rasguño/db-arañazo-fixed.csv data...
Porcessing data..
Writing legaña-map.csv.csv file...
Writing lagaña-map.csv.csv file...
Writing chinguiña-map.csv.csv file...
Processing /home/buddha/repos/dialectic-twitter-maps-generator/data/lagaña/db-legaña-fixed.csv data...
Processing /home/buddha/repos/dialectic-twitter-maps-generator/data/lagaña/db-lagaña-fixed.csv data...
Processing /home/buddha/repos/dialectic-twitter-maps-generator/data/lagaña/db-chinguiña-fixed.csv data...
Porcessing data..
Writing comezon-map.csv.csv file...
Writing picazon-map.csv.csv file...
Writing rasquera-map.csv.csv file...
Writing rasquiña-map.csv.csv file...
Processing /home/buddha/repos/dialectic-twitter-maps-generator/data/comezón/db-comezon-fixed.csv data...
Processing /home/buddha/repos/dialectic-twitter-maps-generator/data/comezón/db-picazon-fixed.csv data...
Processing /home/buddha/repos/dialectic-twitter-maps-generator/data/comezón/db-rasquera-fixed.csv data...
Processing /home/buddha/repos/dialectic-twitter-maps-generator/data/comezón/db-rasquiña-fixed.csv data...
Porcessing data..
Writing cinturon-map.csv.csv file...
Writing cinto-map.csv.csv file...
Writing fajo-map.csv.csv file...
Processing /home/buddha/repos/dialectic-twitter-maps-generator/data/cinturón/db-cinturon-fixed.csv data...
Processing /home/buddha/repos/dialectic-twitter-maps-generator/data/cinturón/db-cinto-fixed.csv data...
Processing /home/buddha/repos/dialectic-twitter-maps-generator/data/cinturón/db-fajo-fixed.csv data...
Porcessing data..
Writing retrete-map.csv.csv file...
Writing escusado-map.csv.csv file...
Writing inodoro-map.csv.csv file...
Writing WC-map.csv.csv file...
Processing /home/buddha/repos/dialectic-twitter-maps-generator/data/escusado/db-retrete-fixed.csv data...
Processing /home/buddha/repos/dialectic-twitter-maps-generator/data/escusado/db-escusado-fixed.csv data...
Processing /home/buddha/repos/dialectic-twitter-maps-generator/data/escusado/db-inodoro-fixed.csv data...
Processing /home/buddha/repos/dialectic-twitter-maps-generator/data/escusado/db-WC-fixed.csv data...
Porcessing data..
Writing brasier-map.csv.csv file...
Writing chichero-map.csv.csv file...
Processing /home/buddha/repos/dialectic-twitter-maps-generator/data/brasier/db-brasier-fixed.csv data...
Processing /home/buddha/repos/dialectic-twitter-maps-generator/data/brasier/db-chichero-fixed.csv data...
